<?xml version="1.0" encoding="UTF-8"?>
<testsuite xmlns:xsi="http://www.w3.org/2001/XMLSchema-instance" xsi:noNamespaceSchemaLocation="https://maven.apache.org/surefire/maven-surefire-plugin/xsd/surefire-test-report.xsd" name="TestSuite" time="2.769" tests="7" errors="0" skipped="0" failures="0">
  <properties>
    <property name="java.specification.version" value="15"/>
    <property name="sun.cpu.isalist" value="amd64"/>
    <property name="sun.jnu.encoding" value="Cp1252"/>
    <property name="java.class.path" value="C:\Users\Kajal Shele\eclipse-workspace\BankAccountAPI\target\test-classes;C:\Users\Kajal Shele\eclipse-workspace\BankAccountAPI\target\classes;C:\Users\Kajal Shele\.m2\repository\org\testng\testng\7.4.0\testng-7.4.0.jar;C:\Users\Kajal Shele\.m2\repository\com\beust\jcommander\1.78\jcommander-1.78.jar;C:\Users\Kajal Shele\.m2\repository\org\webjars\jquery\3.5.1\jquery-3.5.1.jar;"/>
    <property name="java.vm.vendor" value="Oracle Corporation"/>
    <property name="sun.arch.data.model" value="64"/>
    <property name="user.variant" value=""/>
    <property name="java.vendor.url" value="https://java.oracle.com/"/>
    <property name="user.timezone" value="Asia/Calcutta"/>
    <property name="os.name" value="Windows 10"/>
    <property name="java.vm.specification.version" value="15"/>
    <property name="sun.java.launcher" value="SUN_STANDARD"/>
    <property name="user.country" value="IN"/>
    <property name="sun.boot.library.path" value="C:\Program Files\Java\jdk-15.0.1\bin"/>
    <property name="sun.java.command" value="C:\Users\KAJALS~1\AppData\Local\Temp\surefire369347596030706553\surefirebooter576070956136893218.jar C:\Users\Kajal Shele\AppData\Local\Temp\surefire369347596030706553 2021-04-22T16-59-49_859-jvmRun1 surefire5122282493946037545tmp surefire_015270618780435633531tmp"/>
    <property name="jdk.debug" value="release"/>
    <property name="surefire.test.class.path" value="C:\Users\Kajal Shele\eclipse-workspace\BankAccountAPI\target\test-classes;C:\Users\Kajal Shele\eclipse-workspace\BankAccountAPI\target\classes;C:\Users\Kajal Shele\.m2\repository\org\testng\testng\7.4.0\testng-7.4.0.jar;C:\Users\Kajal Shele\.m2\repository\com\beust\jcommander\1.78\jcommander-1.78.jar;C:\Users\Kajal Shele\.m2\repository\org\webjars\jquery\3.5.1\jquery-3.5.1.jar;"/>
    <property name="sun.cpu.endian" value="little"/>
    <property name="user.home" value="C:\Users\Kajal Shele"/>
    <property name="user.language" value="en"/>
    <property name="java.specification.vendor" value="Oracle Corporation"/>
    <property name="java.version.date" value="2020-10-20"/>
    <property name="java.home" value="C:\Program Files\Java\jdk-15.0.1"/>
    <property name="file.separator" value="\"/>
    <property name="basedir" value="C:\Users\Kajal Shele\eclipse-workspace\BankAccountAPI"/>
    <property name="java.vm.compressedOopsMode" value="32-bit"/>
    <property name="line.separator" value="&#10;"/>
    <property name="java.vm.specification.vendor" value="Oracle Corporation"/>
    <property name="java.specification.name" value="Java Platform API Specification"/>
    <property name="surefire.real.class.path" value="C:\Users\KAJALS~1\AppData\Local\Temp\surefire369347596030706553\surefirebooter576070956136893218.jar"/>
    <property name="user.script" value=""/>
    <property name="sun.management.compiler" value="HotSpot 64-Bit Tiered Compilers"/>
    <property name="java.runtime.version" value="15.0.1+9-18"/>
    <property name="user.name" value="Kajal Shele"/>
    <property name="path.separator" value=";"/>
    <property name="os.version" value="10.0"/>
    <property name="java.runtime.name" value="Java(TM) SE Runtime Environment"/>
    <property name="file.encoding" value="Cp1252"/>
    <property name="java.vm.name" value="Java HotSpot(TM) 64-Bit Server VM"/>
    <property name="localRepository" value="C:\Users\Kajal Shele\.m2\repository"/>
    <property name="java.vendor.url.bug" value="https://bugreport.java.com/bugreport/"/>
    <property name="java.io.tmpdir" value="C:\Users\KAJALS~1\AppData\Local\Temp\"/>
    <property name="java.version" value="15.0.1"/>
    <property name="user.dir" value="C:\Users\Kajal Shele\eclipse-workspace\BankAccountAPI"/>
    <property name="os.arch" value="amd64"/>
    <property name="java.vm.specification.name" value="Java Virtual Machine Specification"/>
    <property name="sun.os.patch.level" value=""/>
    <property name="java.library.path" value="C:\Program Files\Java\jdk-15.0.1\bin;C:\WINDOWS\Sun\Java\bin;C:\WINDOWS\system32;C:\WINDOWS;C:\Program Files\Common Files\Oracle\Java\javapath;C:\Program Files (x86)\Common Files\Oracle\Java\javapath;C:\WINDOWS\system32;C:\WINDOWS;C:\WINDOWS\System32\Wbem;C:\WINDOWS\System32\WindowsPowerShell\v1.0\;C:\WINDOWS\System32\OpenSSH\;C:\Users\Kajal Shele\Documents\apache-maven-3.6.3\bin;C:\Program Files\Java\jdk-15.0.1\bin;C:\Program Files\Git\cmd;C:\Users\Kajal Shele\OneDrive\Documents\Course_Notes\apache-maven-3.8.1-bin\apache-maven-3.8.1\bin;C:\Program Files\MySQL\MySQL Shell 8.0\bin\;C:\Users\Kajal Shele\AppData\Local\Microsoft\WindowsApps;C:\Users\Kajal Shele\OneDrive\Documents\apache-maven-3.6.3\bin;C:\Program Files\Java\jdk-15.0.1\bin;;C:\Users\Kajal Shele\AppData\Local\Programs\Microsoft VS Code\bin;."/>
    <property name="java.vm.info" value="mixed mode, sharing"/>
    <property name="java.vendor" value="Oracle Corporation"/>
    <property name="java.vm.version" value="15.0.1+9-18"/>
    <property name="sun.io.unicode.encoding" value="UnicodeLittle"/>
    <property name="java.class.version" value="59.0"/>
  </properties>
  <testcase name="depositeTest" classname="QualityKioskTraining.BankAccountAPI.SavingsAccountTest" time="0.012"/>
  <testcase name="depositeTestDataDriven" classname="QualityKioskTraining.BankAccountAPI.SavingsAccountTest" time="0.004"/>
  <testcase name="depositeTestDataDriven" classname="QualityKioskTraining.BankAccountAPI.SavingsAccountTest" time="0"/>
  <testcase name="depositeTestDataDriven" classname="QualityKioskTraining.BankAccountAPI.SavingsAccountTest" time="0.001"/>
  <testcase name="earnInterestTest" classname="QualityKioskTraining.BankAccountAPI.SavingsAccountTest" time="0.003"/>
  <testcase name="savingAccountWithdrawTest" classname="QualityKioskTraining.BankAccountAPI.SavingsAccountTest" time="0.003"/>
  <testcase name="salaryAccountWithdrawTest" classname="QualityKioskTraining.BankAccountAPI.SalaryAccountTest" time="0.002"/>
</testsuite>