<?xml version="1.0" encoding="UTF-8"?>
<!-- Generated by org.testng.reporters.JUnitReportReporter -->
<testsuite hostname="LAPTOP-GG5LC0BQ" failures="0" tests="3" name="QualityKioskTraining.BankAccountAPI.AccountTest" time="0.043" errors="0" timestamp="2021-04-22T13:23:47 IST" skipped="0">
  <testcase classname="QualityKioskTraining.BankAccountAPI.AccountTest" name="depositeTest" time="0.028"/>
  <system-out/>
  <testcase classname="QualityKioskTraining.BankAccountAPI.AccountTest" name="savingAccountWithdrawTest" time="0.008"/>
  <system-out/>
  <testcase classname="QualityKioskTraining.BankAccountAPI.AccountTest" name="earnInterestTest" time="0.007"/>
  <system-out/>
</testsuite> <!-- QualityKioskTraining.BankAccountAPI.AccountTest -->
