<?xml version="1.0" encoding="UTF-8"?>
<!-- Generated by org.testng.reporters.JUnitReportReporter -->
<testsuite hostname="LAPTOP-GG5LC0BQ" failures="0" tests="3" name="QualityKioskTraining.BankAccountAPI.SavingsAccountTest" time="0.045" errors="0" timestamp="2021-04-22T16:58:40 IST" skipped="0">
  <testcase classname="QualityKioskTraining.BankAccountAPI.SavingsAccountTest" name="depositeTest" time="0.029"/>
  <system-out/>
  <testcase classname="QualityKioskTraining.BankAccountAPI.SavingsAccountTest" name="earnInterestTest" time="0.005"/>
  <system-out/>
  <testcase classname="QualityKioskTraining.BankAccountAPI.SavingsAccountTest" name="savingAccountWithdrawTest" time="0.011"/>
  <system-out/>
</testsuite> <!-- QualityKioskTraining.BankAccountAPI.SavingsAccountTest -->
