<?xml version="1.0" encoding="UTF-8"?>
<!-- Generated by org.testng.reporters.JUnitReportReporter -->
<testsuite hostname="LAPTOP-GG5LC0BQ" failures="0" tests="6" name="QualityKioskTraining.BankAccountAPI.SavingsAccountTest" time="0.023" errors="0" timestamp="2021-04-22T16:59:54 IST" skipped="0">
  <testcase classname="QualityKioskTraining.BankAccountAPI.SavingsAccountTest" name="depositeTest" time="0.010"/>
  <system-out/>
  <testcase classname="QualityKioskTraining.BankAccountAPI.SavingsAccountTest" name="depositeTestDataDriven" time="0.004"/>
  <system-out/>
  <testcase classname="QualityKioskTraining.BankAccountAPI.SavingsAccountTest" name="depositeTestDataDriven" time="0.002"/>
  <system-out/>
  <testcase classname="QualityKioskTraining.BankAccountAPI.SavingsAccountTest" name="depositeTestDataDriven" time="0.002"/>
  <system-out/>
  <testcase classname="QualityKioskTraining.BankAccountAPI.SavingsAccountTest" name="earnInterestTest" time="0.003"/>
  <system-out/>
  <testcase classname="QualityKioskTraining.BankAccountAPI.SavingsAccountTest" name="savingAccountWithdrawTest" time="0.002"/>
  <system-out/>
</testsuite> <!-- QualityKioskTraining.BankAccountAPI.SavingsAccountTest -->
