<?xml version="1.0" encoding="UTF-8"?>
<!-- Generated by org.testng.reporters.JUnitReportReporter -->
<testsuite hostname="LAPTOP-GG5LC0BQ" failures="0" tests="1" name="QualityKioskTraining.BankAccountAPI.SalaryAccountTest" time="0.001" errors="0" timestamp="2021-04-22T16:59:54 IST" skipped="0">
  <testcase classname="QualityKioskTraining.BankAccountAPI.SalaryAccountTest" name="salaryAccountWithdrawTest" time="0.001"/>
  <system-out/>
</testsuite> <!-- QualityKioskTraining.BankAccountAPI.SalaryAccountTest -->
